#
# There is insufficient memory for the Java Runtime Environment to continue.
# Native memory allocation (malloc) failed to allocate 899728 bytes. Error detail: Chunk::new
# Possible reasons:
#   The system is out of physical RAM or swap space
#   This process is running with CompressedOops enabled, and the Java Heap may be blocking the growth of the native heap
# Possible solutions:
#   Reduce memory load on the system
#   Increase physical memory or swap space
#   Check if swap backing store is full
#   Decrease Java heap size (-Xmx/-Xms)
#   Decrease number of Java threads
#   Decrease Java thread stack sizes (-Xss)
#   Set larger code cache with -XX:ReservedCodeCacheSize=
#   JVM is running with Unscaled Compressed Oops mode in which the Java heap is
#     placed in the first 4GB address space. The Java Heap base address is the
#     maximum limit for the native heap growth. Please use -XX:HeapBaseMinAddress
#     to set the Java Heap base and to place the Java Heap above 4GB virtual address.
# This output file may be truncated or incomplete.
#
#  Out of Memory Error (arena.cpp:168), pid=20264, tid=3564
#
# JRE version: OpenJDK Runtime Environment Temurin-21.0.10+7 (21.0.10+7) (build 21.0.10+7-LTS)
# Java VM: OpenJDK 64-Bit Server VM Temurin-21.0.10+7 (21.0.10+7-LTS, mixed mode, sharing, tiered, compressed oops, compressed class ptrs, parallel gc, windows-amd64)
# No core dump will be written. Minidumps are not enabled by default on client versions of Windows
#

---------------  S U M M A R Y ------------

Command Line: --add-modules=ALL-SYSTEM --add-opens=java.base/java.util=ALL-UNNAMED --add-opens=java.base/java.lang=ALL-UNNAMED --add-opens=java.base/sun.nio.fs=ALL-UNNAMED -Declipse.application=org.eclipse.jdt.ls.core.id1 -Dosgi.bundles.defaultStartLevel=4 -Declipse.product=org.eclipse.jdt.ls.core.product -Djava.import.generatesMetadataFilesAtProjectRoot=false -DDetectVMInstallationsJob.disabled=true -Dfile.encoding=utf8 -XX:+UseParallelGC -XX:GCTimeRatio=4 -XX:AdaptiveSizePolicyWeight=90 -Dsun.zip.disableMemoryMapping=true -Xmx2G -Xms100m -Xlog:disable -javaagent:c:\Users\admin\.vscode\extensions\redhat.java-1.53.0-win32-x64\lombok\lombok-1.18.39-4050.jar c:\Users\admin\.vscode\extensions\redhat.java-1.53.0-win32-x64\server\plugins\org.eclipse.equinox.launcher_1.7.100.v20251111-0406.jar -configuration c:\Users\admin\AppData\Roaming\Code\User\globalStorage\redhat.java\1.53.0\config_ss_win -data c:\Users\admin\AppData\Roaming\Code\User\workspaceStorage\350ba893bc48c3099077761a5c33f6d6\redhat.java\ss_ws --pipe=\\.\pipe\lsp-32d55f57677ca623da64c89690040ee1-sock

Host: Intel(R) Pentium(R) Gold 7505 @ 2.00GHz, 4 cores, 11G,  Windows 11 , 64 bit Build 26100 (10.0.26100.7920)
Time: Sat Mar  7 18:19:38 2026 India Standard Time elapsed time: 4.272482 seconds (0d 0h 0m 4s)

---------------  T H R E A D  ---------------

Current thread (0x0000023fffbddb40):  JavaThread "C2 CompilerThread1" daemon [_thread_in_native, id=3564, stack(0x000000a996800000,0x000000a996900000) (1024K)]


Current CompileTask:
C2:4272 2614       4       lombok.patcher.PatchScript$MethodPatcher::visitMethod (158 bytes)

Stack: [0x000000a996800000,0x000000a996900000]
Native frames: (J=compiled Java code, j=interpreted, Vv=VM code, C=native code)
V  [jvm.dll+0x6d7a39]
V  [jvm.dll+0x8b4b26]
V  [jvm.dll+0x8b70de]
V  [jvm.dll+0x8b77c3]
V  [jvm.dll+0x284346]
V  [jvm.dll+0xc66ed]
V  [jvm.dll+0xc6c31]
V  [jvm.dll+0x3bec3b]
V  [jvm.dll+0x38b162]
V  [jvm.dll+0x38a5aa]
V  [jvm.dll+0x24c560]
V  [jvm.dll+0x24bb40]
V  [jvm.dll+0x1cb34e]
V  [jvm.dll+0x25b85d]
V  [jvm.dll+0x259dea]
V  [jvm.dll+0x3f857e]
V  [jvm.dll+0x85f59d]
V  [jvm.dll+0x6d626d]
C  [ucrtbase.dll+0x37b0]
C  [KERNEL32.DLL+0x2e8d7]
C  [ntdll.dll+0x8c48c]


---------------  P R O C E S S  ---------------

Threads class SMR info:
_java_thread_list=0x0000023fd40c3b80, length=19, elements={
0x0000023ff69e3b20, 0x0000023ff6a8de30, 0x0000023ffe3ca4f0, 0x0000023ffe3cc840,
0x0000023ffe3cd500, 0x0000023ffe3ce310, 0x0000023ffe3ced70, 0x0000023ffe3d3bd0,
0x0000023ffe40a890, 0x0000023fff192810, 0x0000023fff2db310, 0x0000023fffb1aae0,
0x0000023fffb6b6e0, 0x0000023fffb706f0, 0x0000023fffaf5870, 0x0000023fffbddb40,
0x0000023fffc29030, 0x0000023fd40ea990, 0x0000023fd41fb850
}

Java Threads: ( => current thread )
  0x0000023ff69e3b20 JavaThread "main"                              [_thread_blocked, id=22288, stack(0x000000a995600000,0x000000a995700000) (1024K)]
  0x0000023ff6a8de30 JavaThread "Reference Handler"          daemon [_thread_blocked, id=20576, stack(0x000000a995a00000,0x000000a995b00000) (1024K)]
  0x0000023ffe3ca4f0 JavaThread "Finalizer"                  daemon [_thread_blocked, id=1604, stack(0x000000a995b00000,0x000000a995c00000) (1024K)]
  0x0000023ffe3cc840 JavaThread "Signal Dispatcher"          daemon [_thread_blocked, id=11084, stack(0x000000a995c00000,0x000000a995d00000) (1024K)]
  0x0000023ffe3cd500 JavaThread "Attach Listener"            daemon [_thread_blocked, id=10004, stack(0x000000a995d00000,0x000000a995e00000) (1024K)]
  0x0000023ffe3ce310 JavaThread "Service Thread"             daemon [_thread_blocked, id=15428, stack(0x000000a995e00000,0x000000a995f00000) (1024K)]
  0x0000023ffe3ced70 JavaThread "Monitor Deflation Thread"   daemon [_thread_blocked, id=5600, stack(0x000000a995f00000,0x000000a996000000) (1024K)]
  0x0000023ffe3d3bd0 JavaThread "C2 CompilerThread0"         daemon [_thread_in_native, id=21248, stack(0x000000a996000000,0x000000a996100000) (1024K)]
  0x0000023ffe40a890 JavaThread "C1 CompilerThread0"         daemon [_thread_in_vm, id=2004, stack(0x000000a996100000,0x000000a996200000) (1024K)]
  0x0000023fff192810 JavaThread "Common-Cleaner"             daemon [_thread_blocked, id=1720, stack(0x000000a996200000,0x000000a996300000) (1024K)]
  0x0000023fff2db310 JavaThread "Notification Thread"        daemon [_thread_blocked, id=20652, stack(0x000000a996300000,0x000000a996400000) (1024K)]
  0x0000023fffb1aae0 JavaThread "Active Thread: Equinox Container: daf68d0f-e51a-4d0e-8b03-c9abef5b9be1"        [_thread_blocked, id=20776, stack(0x000000a996400000,0x000000a996500000) (1024K)]
  0x0000023fffb6b6e0 JavaThread "Framework Event Dispatcher: Equinox Container: daf68d0f-e51a-4d0e-8b03-c9abef5b9be1" daemon [_thread_blocked, id=10356, stack(0x000000a996900000,0x000000a996a00000) (1024K)]
  0x0000023fffb706f0 JavaThread "Start Level: Equinox Container: daf68d0f-e51a-4d0e-8b03-c9abef5b9be1" daemon [_thread_in_Java, id=18376, stack(0x000000a996a00000,0x000000a996b00000) (1024K)]
  0x0000023fffaf5870 JavaThread "SCR Component Actor"        daemon [_thread_blocked, id=18616, stack(0x000000a996b00000,0x000000a996c00000) (1024K)]
=>0x0000023fffbddb40 JavaThread "C2 CompilerThread1"         daemon [_thread_in_native, id=3564, stack(0x000000a996800000,0x000000a996900000) (1024K)]
  0x0000023fffc29030 JavaThread "Worker-JM"                         [_thread_blocked, id=21052, stack(0x000000a996c00000,0x000000a996d00000) (1024K)]
  0x0000023fd40ea990 JavaThread "Worker-0"                          [_thread_blocked, id=10544, stack(0x000000a996d00000,0x000000a996e00000) (1024K)]
  0x0000023fd41fb850 JavaThread "Worker-1"                          [_thread_blocked, id=10788, stack(0x000000a996e00000,0x000000a996f00000) (1024K)]
Total: 19

Other Threads:
  0x0000023ffe3bf8a0 VMThread "VM Thread"                           [id=18568, stack(0x000000a995900000,0x000000a995a00000) (1024K)]
  0x0000023ff6a48f30 WatcherThread "VM Periodic Task Thread"        [id=15148, stack(0x000000a995800000,0x000000a995900000) (1024K)]
  0x0000023ff69f3c90 WorkerThread "GC Thread#0"                     [id=17104, stack(0x000000a995700000,0x000000a995800000) (1024K)]
  0x0000023fff670c30 WorkerThread "GC Thread#1"                     [id=13804, stack(0x000000a996500000,0x000000a996600000) (1024K)]
  0x0000023fff3d9bd0 WorkerThread "GC Thread#2"                     [id=16432, stack(0x000000a996600000,0x000000a996700000) (1024K)]
  0x0000023fff3d9f80 WorkerThread "GC Thread#3"                     [id=15332, stack(0x000000a996700000,0x000000a996800000) (1024K)]
Total: 6

Threads with active compile tasks:
C2 CompilerThread0  4296 2604       4       org.lombokweb.asm.ClassReader::readMethod (1070 bytes)
C2 CompilerThread1  4296 2614       4       lombok.patcher.PatchScript$MethodPatcher::visitMethod (158 bytes)
Total: 2

VM state: not at safepoint (normal execution)

VM Mutex/Monitor currently owned by a thread: None

OutOfMemory and StackOverflow Exception counts:
OutOfMemoryError java_heap_errors=1
LinkageErrors=52

Heap address: 0x0000000080000000, size: 2048 MB, Compressed Oops mode: 32-bit

CDS archive(s) mapped at: [0x0000023f8f000000-0x0000023f8fba0000-0x0000023f8fba0000), size 12189696, SharedBaseAddress: 0x0000023f8f000000, ArchiveRelocationMode: 1.
Compressed class space mapped at: 0x0000023f90000000-0x0000023fd0000000, reserved size: 1073741824
Narrow klass base: 0x0000023f8f000000, Narrow klass shift: 0, Narrow klass range: 0x100000000

GC Precious Log:
 CardTable entry size: 512
 CPUs: 4 total, 4 available
 Memory: 12010M
 Large Page Support: Disabled
 NUMA Support: Disabled
 Compressed Oops: Enabled (32-bit)
 Alignments: Space 512K, Generation 512K, Heap 2M
 Heap Min Capacity: 100M
 Heap Initial Capacity: 100M
 Heap Max Capacity: 2G
 Pre-touch: Disabled
 Parallel Workers: 4

Heap:
 PSYoungGen      total 29696K, used 5618K [0x00000000d5580000, 0x00000000d7680000, 0x0000000100000000)
  eden space 25600K, 6% used [0x00000000d5580000,0x00000000d5702c98,0x00000000d6e80000)
  from space 4096K, 99% used [0x00000000d6e80000,0x00000000d7279e68,0x00000000d7280000)
  to   space 4096K, 0% used [0x00000000d7280000,0x00000000d7280000,0x00000000d7680000)
 ParOldGen       total 68608K, used 6537K [0x0000000080000000, 0x0000000084300000, 0x00000000d5580000)
  object space 68608K, 9% used [0x0000000080000000,0x00000000806627a0,0x0000000084300000)
 Metaspace       used 20178K, committed 20800K, reserved 1114112K
  class space    used 1954K, committed 2240K, reserved 1048576K

Card table byte_map: [0x0000023ff6380000,0x0000023ff6790000] _byte_map_base: 0x0000023ff5f80000

Marking Bits: (ParMarkBitMap*) 0x00007ff985bf3450
 Begin Bits: [0x0000023ff9e80000, 0x0000023ffbe80000)
 End Bits:   [0x0000023ffbe80000, 0x0000023ffde80000)

Polling page: 0x0000023ff4a40000

Metaspace:

Usage:
  Non-class:     17.80 MB used.
      Class:      1.91 MB used.
       Both:     19.71 MB used.

Virtual space:
  Non-class space:       64.00 MB reserved,      18.12 MB ( 28%) committed,  1 nodes.
      Class space:        1.00 GB reserved,       2.19 MB ( <1%) committed,  1 nodes.
             Both:        1.06 GB reserved,      20.31 MB (  2%) committed. 

Chunk freelists:
   Non-Class:  13.08 MB
       Class:  13.86 MB
        Both:  26.94 MB

MaxMetaspaceSize: unlimited
CompressedClassSpaceSize: 1.00 GB
Initial GC threshold: 21.00 MB
Current GC threshold: 21.00 MB
CDS: on
 - commit_granule_bytes: 65536.
 - commit_granule_words: 8192.
 - virtual_space_node_default_size: 8388608.
 - enlarge_chunks_in_place: 1.
 - use_allocation_guard: 0.


Internal statistics:

num_allocs_failed_limit: 0.
num_arena_births: 448.
num_arena_deaths: 0.
num_vsnodes_births: 2.
num_vsnodes_deaths: 0.
num_space_committed: 325.
num_space_uncommitted: 0.
num_chunks_returned_to_freelist: 0.
num_chunks_taken_from_freelist: 1182.
num_chunk_merges: 0.
num_chunk_splits: 786.
num_chunks_enlarged: 524.
num_inconsistent_stats: 0.

CodeHeap 'non-profiled nmethods': size=120000Kb used=1130Kb max_used=1130Kb free=118869Kb
 bounds [0x0000023f87ad0000, 0x0000023f87d40000, 0x0000023f8f000000]
CodeHeap 'profiled nmethods': size=120000Kb used=5119Kb max_used=5119Kb free=114880Kb
 bounds [0x0000023f80000000, 0x0000023f80500000, 0x0000023f87530000]
CodeHeap 'non-nmethods': size=5760Kb used=1311Kb max_used=1323Kb free=4448Kb
 bounds [0x0000023f87530000, 0x0000023f877a0000, 0x0000023f87ad0000]
CodeCache: size=245760Kb, used=7560Kb, max_used=7572Kb, free=238197Kb
 total_blobs=3204, nmethods=2621, adapters=489, full_count=0
Compilation: enabled, stopped_count=0, restarted_count=0

Compilation events (20 events):
Event: 4.172 Thread 0x0000023fffbddb40 nmethod 2608 0x0000023f87be9e90 code [0x0000023f87bea020, 0x0000023f87bea0f0]
Event: 4.172 Thread 0x0000023ffe40a890 2610       3       org.lombokweb.asm.MethodWriter::visitFrame (811 bytes)
Event: 4.172 Thread 0x0000023fffbddb40 2609       4       org.lombokweb.asm.MethodWriter::canCopyMethodAttributes (163 bytes)
Event: 4.175 Thread 0x0000023ffe40a890 nmethod 2610 0x0000023f804f4a90 code [0x0000023f804f4fe0, 0x0000023f804f7240]
Event: 4.175 Thread 0x0000023ffe40a890 2612       3       org.lombokweb.asm.ClassReader::readStackMapFrame (535 bytes)
Event: 4.176 Thread 0x0000023ffe40a890 nmethod 2612 0x0000023f804f8190 code [0x0000023f804f8440, 0x0000023f804f9410]
Event: 4.176 Thread 0x0000023ffe40a890 2611       3       org.lombokweb.asm.Label::put (83 bytes)
Event: 4.177 Thread 0x0000023ffe40a890 nmethod 2611 0x0000023f804f9a10 code [0x0000023f804f9c40, 0x0000023f804fa070]
Event: 4.177 Thread 0x0000023ffe40a890 2613       3       org.lombokweb.asm.MethodWriter::visitJumpInsn (495 bytes)
Event: 4.178 Thread 0x0000023ffe40a890 nmethod 2613 0x0000023f804fa210 code [0x0000023f804fa560, 0x0000023f804fb568]
Event: 4.180 Thread 0x0000023fffbddb40 nmethod 2609 0x0000023f87bea190 code [0x0000023f87bea340, 0x0000023f87bea698]
Event: 4.180 Thread 0x0000023fffbddb40 2614       4       lombok.patcher.PatchScript$MethodPatcher::visitMethod (158 bytes)
Event: 4.185 Thread 0x0000023ffe40a890 2616       3       org.lombokweb.asm.SymbolTable::hash (14 bytes)
Event: 4.185 Thread 0x0000023ffe40a890 nmethod 2616 0x0000023f804fbb90 code [0x0000023f804fbd20, 0x0000023f804fbe28]
Event: 4.238 Thread 0x0000023ffe40a890 2618       3       java.util.regex.Matcher::group (65 bytes)
Event: 4.239 Thread 0x0000023ffe40a890 nmethod 2618 0x0000023f804fbe90 code [0x0000023f804fc0c0, 0x0000023f804fc730]
Event: 4.239 Thread 0x0000023ffe40a890 2619       3       java.util.regex.Matcher::checkGroup (41 bytes)
Event: 4.239 Thread 0x0000023ffe40a890 nmethod 2619 0x0000023f804fc990 code [0x0000023f804fcbc0, 0x0000023f804fd248]
Event: 4.239 Thread 0x0000023ffe40a890 2620       3       java.util.regex.Matcher::groupCount (10 bytes)
Event: 4.240 Thread 0x0000023ffe40a890 nmethod 2620 0x0000023f804fd510 code [0x0000023f804fd6a0, 0x0000023f804fd7b8]

GC Heap History (10 events):
Event: 1.118 GC heap before
{Heap before GC invocations=1 (full 0):
 PSYoungGen      total 29696K, used 25600K [0x00000000d5580000, 0x00000000d7680000, 0x0000000100000000)
  eden space 25600K, 100% used [0x00000000d5580000,0x00000000d6e80000,0x00000000d6e80000)
  from space 4096K, 0% used [0x00000000d7280000,0x00000000d7280000,0x00000000d7680000)
  to   space 4096K, 0% used [0x00000000d6e80000,0x00000000d6e80000,0x00000000d7280000)
 ParOldGen       total 68608K, used 0K [0x0000000080000000, 0x0000000084300000, 0x00000000d5580000)
  object space 68608K, 0% used [0x0000000080000000,0x0000000080000000,0x0000000084300000)
 Metaspace       used 4380K, committed 4608K, reserved 1114112K
  class space    used 474K, committed 576K, reserved 1048576K
}
Event: 1.126 GC heap after
{Heap after GC invocations=1 (full 0):
 PSYoungGen      total 29696K, used 3280K [0x00000000d5580000, 0x00000000d7680000, 0x0000000100000000)
  eden space 25600K, 0% used [0x00000000d5580000,0x00000000d5580000,0x00000000d6e80000)
  from space 4096K, 80% used [0x00000000d6e80000,0x00000000d71b4148,0x00000000d7280000)
  to   space 4096K, 0% used [0x00000000d7280000,0x00000000d7280000,0x00000000d7680000)
 ParOldGen       total 68608K, used 8K [0x0000000080000000, 0x0000000084300000, 0x00000000d5580000)
  object space 68608K, 0% used [0x0000000080000000,0x0000000080002000,0x0000000084300000)
 Metaspace       used 4380K, committed 4608K, reserved 1114112K
  class space    used 474K, committed 576K, reserved 1048576K
}
Event: 2.615 GC heap before
{Heap before GC invocations=2 (full 0):
 PSYoungGen      total 29696K, used 28880K [0x00000000d5580000, 0x00000000d7680000, 0x0000000100000000)
  eden space 25600K, 100% used [0x00000000d5580000,0x00000000d6e80000,0x00000000d6e80000)
  from space 4096K, 80% used [0x00000000d6e80000,0x00000000d71b4148,0x00000000d7280000)
  to   space 4096K, 0% used [0x00000000d7280000,0x00000000d7280000,0x00000000d7680000)
 ParOldGen       total 68608K, used 8K [0x0000000080000000, 0x0000000084300000, 0x00000000d5580000)
  object space 68608K, 0% used [0x0000000080000000,0x0000000080002000,0x0000000084300000)
 Metaspace       used 8213K, committed 8512K, reserved 1114112K
  class space    used 872K, committed 1024K, reserved 1048576K
}
Event: 2.621 GC heap after
{Heap after GC invocations=2 (full 0):
 PSYoungGen      total 29696K, used 4075K [0x00000000d5580000, 0x00000000d7680000, 0x0000000100000000)
  eden space 25600K, 0% used [0x00000000d5580000,0x00000000d5580000,0x00000000d6e80000)
  from space 4096K, 99% used [0x00000000d7280000,0x00000000d767aff8,0x00000000d7680000)
  to   space 4096K, 0% used [0x00000000d6e80000,0x00000000d6e80000,0x00000000d7280000)
 ParOldGen       total 68608K, used 1143K [0x0000000080000000, 0x0000000084300000, 0x00000000d5580000)
  object space 68608K, 1% used [0x0000000080000000,0x000000008011deb8,0x0000000084300000)
 Metaspace       used 8213K, committed 8512K, reserved 1114112K
  class space    used 872K, committed 1024K, reserved 1048576K
}
Event: 3.501 GC heap before
{Heap before GC invocations=3 (full 0):
 PSYoungGen      total 29696K, used 29675K [0x00000000d5580000, 0x00000000d7680000, 0x0000000100000000)
  eden space 25600K, 100% used [0x00000000d5580000,0x00000000d6e80000,0x00000000d6e80000)
  from space 4096K, 99% used [0x00000000d7280000,0x00000000d767aff8,0x00000000d7680000)
  to   space 4096K, 0% used [0x00000000d6e80000,0x00000000d6e80000,0x00000000d7280000)
 ParOldGen       total 68608K, used 1143K [0x0000000080000000, 0x0000000084300000, 0x00000000d5580000)
  object space 68608K, 1% used [0x0000000080000000,0x000000008011deb8,0x0000000084300000)
 Metaspace       used 13055K, committed 13632K, reserved 1114112K
  class space    used 1382K, committed 1664K, reserved 1048576K
}
Event: 3.506 GC heap after
{Heap after GC invocations=3 (full 0):
 PSYoungGen      total 29696K, used 4064K [0x00000000d5580000, 0x00000000d7680000, 0x0000000100000000)
  eden space 25600K, 0% used [0x00000000d5580000,0x00000000d5580000,0x00000000d6e80000)
  from space 4096K, 99% used [0x00000000d6e80000,0x00000000d72781a0,0x00000000d7280000)
  to   space 4096K, 0% used [0x00000000d7280000,0x00000000d7280000,0x00000000d7680000)
 ParOldGen       total 68608K, used 2836K [0x0000000080000000, 0x0000000084300000, 0x00000000d5580000)
  object space 68608K, 4% used [0x0000000080000000,0x00000000802c51d8,0x0000000084300000)
 Metaspace       used 13055K, committed 13632K, reserved 1114112K
  class space    used 1382K, committed 1664K, reserved 1048576K
}
Event: 3.925 GC heap before
{Heap before GC invocations=4 (full 0):
 PSYoungGen      total 29696K, used 29664K [0x00000000d5580000, 0x00000000d7680000, 0x0000000100000000)
  eden space 25600K, 100% used [0x00000000d5580000,0x00000000d6e80000,0x00000000d6e80000)
  from space 4096K, 99% used [0x00000000d6e80000,0x00000000d72781a0,0x00000000d7280000)
  to   space 4096K, 0% used [0x00000000d7280000,0x00000000d7280000,0x00000000d7680000)
 ParOldGen       total 68608K, used 2836K [0x0000000080000000, 0x0000000084300000, 0x00000000d5580000)
  object space 68608K, 4% used [0x0000000080000000,0x00000000802c51d8,0x0000000084300000)
 Metaspace       used 15833K, committed 16512K, reserved 1114112K
  class space    used 1640K, committed 1920K, reserved 1048576K
}
Event: 3.930 GC heap after
{Heap after GC invocations=4 (full 0):
 PSYoungGen      total 29696K, used 4087K [0x00000000d5580000, 0x00000000d7680000, 0x0000000100000000)
  eden space 25600K, 0% used [0x00000000d5580000,0x00000000d5580000,0x00000000d6e80000)
  from space 4096K, 99% used [0x00000000d7280000,0x00000000d767de50,0x00000000d7680000)
  to   space 4096K, 0% used [0x00000000d6e80000,0x00000000d6e80000,0x00000000d7280000)
 ParOldGen       total 68608K, used 5107K [0x0000000080000000, 0x0000000084300000, 0x00000000d5580000)
  object space 68608K, 7% used [0x0000000080000000,0x00000000804fcd20,0x0000000084300000)
 Metaspace       used 15833K, committed 16512K, reserved 1114112K
  class space    used 1640K, committed 1920K, reserved 1048576K
}
Event: 4.257 GC heap before
{Heap before GC invocations=5 (full 0):
 PSYoungGen      total 29696K, used 29669K [0x00000000d5580000, 0x00000000d7680000, 0x0000000100000000)
  eden space 25600K, 99% used [0x00000000d5580000,0x00000000d6e7b8a0,0x00000000d6e80000)
  from space 4096K, 99% used [0x00000000d7280000,0x00000000d767de50,0x00000000d7680000)
  to   space 4096K, 0% used [0x00000000d6e80000,0x00000000d6e80000,0x00000000d7280000)
 ParOldGen       total 68608K, used 5107K [0x0000000080000000, 0x0000000084300000, 0x00000000d5580000)
  object space 68608K, 7% used [0x0000000080000000,0x00000000804fcd20,0x0000000084300000)
 Metaspace       used 20085K, committed 20736K, reserved 1114112K
  class space    used 1951K, committed 2240K, reserved 1048576K
}
Event: 4.265 GC heap after
{Heap after GC invocations=5 (full 0):
 PSYoungGen      total 29696K, used 4071K [0x00000000d5580000, 0x00000000d7680000, 0x0000000100000000)
  eden space 25600K, 0% used [0x00000000d5580000,0x00000000d5580000,0x00000000d6e80000)
  from space 4096K, 99% used [0x00000000d6e80000,0x00000000d7279e68,0x00000000d7280000)
  to   space 4096K, 0% used [0x00000000d7280000,0x00000000d7280000,0x00000000d7680000)
 ParOldGen       total 68608K, used 6537K [0x0000000080000000, 0x0000000084300000, 0x00000000d5580000)
  object space 68608K, 9% used [0x0000000080000000,0x00000000806627a0,0x0000000084300000)
 Metaspace       used 20085K, committed 20736K, reserved 1114112K
  class space    used 1951K, committed 2240K, reserved 1048576K
}

Dll operation events (9 events):
Event: 0.013 Loaded shared library c:\Users\admin\.vscode\extensions\redhat.java-1.53.0-win32-x64\jre\21.0.10-win32-x86_64\bin\java.dll
Event: 0.091 Loaded shared library c:\Users\admin\.vscode\extensions\redhat.java-1.53.0-win32-x64\jre\21.0.10-win32-x86_64\bin\zip.dll
Event: 0.115 Loaded shared library C:\Users\admin\.vscode\extensions\redhat.java-1.53.0-win32-x64\jre\21.0.10-win32-x86_64\bin\instrument.dll
Event: 0.121 Loaded shared library C:\Users\admin\.vscode\extensions\redhat.java-1.53.0-win32-x64\jre\21.0.10-win32-x86_64\bin\net.dll
Event: 0.123 Loaded shared library C:\Users\admin\.vscode\extensions\redhat.java-1.53.0-win32-x64\jre\21.0.10-win32-x86_64\bin\nio.dll
Event: 0.130 Loaded shared library C:\Users\admin\.vscode\extensions\redhat.java-1.53.0-win32-x64\jre\21.0.10-win32-x86_64\bin\zip.dll
Event: 0.153 Loaded shared library C:\Users\admin\.vscode\extensions\redhat.java-1.53.0-win32-x64\jre\21.0.10-win32-x86_64\bin\jimage.dll
Event: 0.284 Loaded shared library c:\Users\admin\.vscode\extensions\redhat.java-1.53.0-win32-x64\jre\21.0.10-win32-x86_64\bin\verify.dll
Event: 2.586 Loaded shared library C:\Users\admin\AppData\Roaming\Code\User\globalStorage\redhat.java\1.53.0\config_ss_win\org.eclipse.equinox.launcher\org.eclipse.equinox.launcher.win32.win32.x86_64_1.3.0.v20260203-2149\eclipse_11919.dll

Deoptimization events (20 events):
Event: 3.788 Thread 0x0000023fffb706f0 DEOPT PACKING pc=0x0000023f87bc5d14 sp=0x000000a996aefac0
Event: 3.788 Thread 0x0000023fffb706f0 DEOPT UNPACKING pc=0x0000023f87586da2 sp=0x000000a996aefa68 mode 2
Event: 3.788 Thread 0x0000023fffb706f0 Uncommon trap: trap_request=0xffffffde fr.pc=0x0000023f87bc5d14 relative=0x00000000000003b4
Event: 3.788 Thread 0x0000023fffb706f0 Uncommon trap: reason=class_check action=maybe_recompile pc=0x0000023f87bc5d14 method=java.util.regex.Pattern$BmpCharPropertyGreedy.match(Ljava/util/regex/Matcher;ILjava/lang/CharSequence;)Z @ 70 c2
Event: 3.788 Thread 0x0000023fffb706f0 DEOPT PACKING pc=0x0000023f87bc5d14 sp=0x000000a996aef910
Event: 3.788 Thread 0x0000023fffb706f0 DEOPT UNPACKING pc=0x0000023f87586da2 sp=0x000000a996aef8b8 mode 2
Event: 3.852 Thread 0x0000023fffb706f0 Uncommon trap: trap_request=0xffffff45 fr.pc=0x0000023f87bddd14 relative=0x0000000000000894
Event: 3.852 Thread 0x0000023fffb706f0 Uncommon trap: reason=unstable_if action=reinterpret pc=0x0000023f87bddd14 method=org.lombokweb.asm.ClassReader.readUTF8(I[C)Ljava/lang/String; @ 11 c2
Event: 3.852 Thread 0x0000023fffb706f0 DEOPT PACKING pc=0x0000023f87bddd14 sp=0x000000a996aefb00
Event: 3.852 Thread 0x0000023fffb706f0 DEOPT UNPACKING pc=0x0000023f87586da2 sp=0x000000a996aefb08 mode 2
Event: 4.032 Thread 0x0000023fffb706f0 DEOPT PACKING pc=0x0000023f800bd939 sp=0x000000a996aecaf0
Event: 4.032 Thread 0x0000023fffb706f0 DEOPT UNPACKING pc=0x0000023f875878e2 sp=0x000000a996aebff0 mode 0
Event: 4.149 Thread 0x0000023fffb706f0 Uncommon trap: trap_request=0xffffff45 fr.pc=0x0000023f87be8224 relative=0x0000000000000184
Event: 4.149 Thread 0x0000023fffb706f0 Uncommon trap: reason=unstable_if action=reinterpret pc=0x0000023f87be8224 method=org.lombokweb.asm.ByteVector.putByteArray([BII)Lorg/lombokweb/asm/ByteVector; @ 20 c2
Event: 4.149 Thread 0x0000023fffb706f0 DEOPT PACKING pc=0x0000023f87be8224 sp=0x000000a996aeefd0
Event: 4.149 Thread 0x0000023fffb706f0 DEOPT UNPACKING pc=0x0000023f87586da2 sp=0x000000a996aeefa0 mode 2
Event: 4.149 Thread 0x0000023fffb706f0 Uncommon trap: trap_request=0xffffff45 fr.pc=0x0000023f87be72a4 relative=0x0000000000000364
Event: 4.149 Thread 0x0000023fffb706f0 Uncommon trap: reason=unstable_if action=reinterpret pc=0x0000023f87be72a4 method=org.lombokweb.asm.Label.resolve([BLorg/lombokweb/asm/ByteVector;I)Z @ 81 c2
Event: 4.149 Thread 0x0000023fffb706f0 DEOPT PACKING pc=0x0000023f87be72a4 sp=0x000000a996aef060
Event: 4.149 Thread 0x0000023fffb706f0 DEOPT UNPACKING pc=0x0000023f87586da2 sp=0x000000a996aeef68 mode 2

Classes loaded (20 events):
Event: 3.793 Loading class java/util/zip/GZIPInputStream
Event: 3.793 Loading class java/util/zip/GZIPInputStream done
Event: 3.793 Loading class java/util/zip/GZIPOutputStream
Event: 3.794 Loading class java/util/zip/GZIPOutputStream done
Event: 3.819 Loading class java/net/SocketTimeoutException
Event: 3.819 Loading class java/io/InterruptedIOException
Event: 3.819 Loading class java/io/InterruptedIOException done
Event: 3.819 Loading class java/net/SocketTimeoutException done
Event: 3.819 Loading class java/net/SocketException
Event: 3.819 Loading class java/net/SocketException done
Event: 3.819 Loading class java/net/UnknownHostException
Event: 3.819 Loading class java/net/UnknownHostException done
Event: 3.819 Loading class java/net/ProtocolException
Event: 3.819 Loading class java/net/ProtocolException done
Event: 3.839 Loading class java/lang/ThreadLocal$SuppliedThreadLocal
Event: 3.839 Loading class java/lang/ThreadLocal$SuppliedThreadLocal done
Event: 3.942 Loading class java/io/FileWriter
Event: 3.942 Loading class java/io/FileWriter done
Event: 3.945 Loading class java/lang/NegativeArraySizeException
Event: 3.945 Loading class java/lang/NegativeArraySizeException done

Classes unloaded (0 events):
No events

Classes redefined (0 events):
No events

Internal exceptions (20 events):
Event: 3.680 Thread 0x0000023fffb706f0 Exception <a 'java/lang/NoSuchMethodError'{0x00000000d5d2a908}: 'java.lang.Object java.lang.invoke.DirectMethodHandle$Holder.invokeSpecial(java.lang.Object, java.lang.Object, java.lang.Object, long, java.lang.Object)'> (0x00000000d5d2a908) 
thrown [s\src\hotspot\share\interpreter\linkResolver.cpp, line 773]
Event: 3.680 Thread 0x0000023fffb706f0 Exception <a 'java/lang/NoSuchMethodError'{0x00000000d5d32540}: 'java.lang.Object java.lang.invoke.DirectMethodHandle$Holder.newInvokeSpecial(java.lang.Object, java.lang.Object, java.lang.Object, long)'> (0x00000000d5d32540) 
thrown [s\src\hotspot\share\interpreter\linkResolver.cpp, line 773]
Event: 3.681 Thread 0x0000023fffb706f0 Exception <a 'java/lang/NoSuchMethodError'{0x00000000d5d368f0}: 'java.lang.Object java.lang.invoke.DirectMethodHandle$Holder.invokeSpecial(java.lang.Object, java.lang.Object, java.lang.Object, java.lang.Object, long)'> (0x00000000d5d368f0) 
thrown [s\src\hotspot\share\interpreter\linkResolver.cpp, line 773]
Event: 3.681 Thread 0x0000023fffb706f0 Exception <a 'java/lang/NoSuchMethodError'{0x00000000d5d3a510}: 'java.lang.Object java.lang.invoke.Invokers$Holder.linkToTargetMethod(java.lang.Object, java.lang.Object, long, java.lang.Object)'> (0x00000000d5d3a510) 
thrown [s\src\hotspot\share\interpreter\linkResolver.cpp, line 773]
Event: 3.690 Thread 0x0000023fffb706f0 Exception <a 'java/lang/NoSuchMethodError'{0x00000000d5d92df0}: 'int java.lang.invoke.DirectMethodHandle$Holder.invokeStaticInit(java.lang.Object, java.lang.Object, java.lang.Object)'> (0x00000000d5d92df0) 
thrown [s\src\hotspot\share\interpreter\linkResolver.cpp, line 773]
Event: 3.703 Thread 0x0000023fffb706f0 Exception <a 'java/lang/IncompatibleClassChangeError'{0x00000000d5e49378}: Found class java.lang.Object, but interface was expected> (0x00000000d5e49378) 
thrown [s\src\hotspot\share\interpreter\linkResolver.cpp, line 840]
Event: 3.704 Thread 0x0000023fffb706f0 Exception <a 'java/lang/NoSuchMethodError'{0x00000000d5e4cf28}: 'java.lang.Object java.lang.invoke.DirectMethodHandle$Holder.invokeSpecial(java.lang.Object, java.lang.Object, java.lang.Object, int, java.lang.Object, java.lang.Object)'> (0x00000000d5e4cf28) 
thrown [s\src\hotspot\share\interpreter\linkResolver.cpp, line 773]
Event: 3.704 Thread 0x0000023fffb706f0 Exception <a 'java/lang/NoSuchMethodError'{0x00000000d5e54a00}: 'java.lang.Object java.lang.invoke.DirectMethodHandle$Holder.newInvokeSpecial(java.lang.Object, java.lang.Object, java.lang.Object, int, java.lang.Object)'> (0x00000000d5e54a00) 
thrown [s\src\hotspot\share\interpreter\linkResolver.cpp, line 773]
Event: 3.705 Thread 0x0000023fffb706f0 Exception <a 'java/lang/NoSuchMethodError'{0x00000000d5e58980}: 'java.lang.Object java.lang.invoke.DirectMethodHandle$Holder.invokeSpecial(java.lang.Object, java.lang.Object, java.lang.Object, java.lang.Object, int, java.lang.Object)'> (0x00000000d5e58980) 
thrown [s\src\hotspot\share\interpreter\linkResolver.cpp, line 773]
Event: 3.706 Thread 0x0000023fffb706f0 Exception <a 'java/lang/NoSuchMethodError'{0x00000000d5e5c4c0}: 'java.lang.Object java.lang.invoke.Invokers$Holder.linkToTargetMethod(java.lang.Object, java.lang.Object, int, java.lang.Object, java.lang.Object)'> (0x00000000d5e5c4c0) 
thrown [s\src\hotspot\share\interpreter\linkResolver.cpp, line 773]
Event: 3.706 Thread 0x0000023fd40ea990 Exception <a 'java/lang/NoSuchMethodError'{0x00000000d5dafe28}: 'java.lang.Object java.lang.invoke.DirectMethodHandle$Holder.invokeSpecial(java.lang.Object, java.lang.Object, int, java.lang.Object, java.lang.Object)'> (0x00000000d5dafe28) 
thrown [s\src\hotspot\share\interpreter\linkResolver.cpp, line 773]
Event: 3.707 Thread 0x0000023fd40ea990 Exception <a 'java/lang/NoSuchMethodError'{0x00000000d5db6b60}: 'java.lang.Object java.lang.invoke.DirectMethodHandle$Holder.newInvokeSpecial(java.lang.Object, java.lang.Object, int, java.lang.Object)'> (0x00000000d5db6b60) 
thrown [s\src\hotspot\share\interpreter\linkResolver.cpp, line 773]
Event: 3.708 Thread 0x0000023fd40ea990 Exception <a 'java/lang/NoSuchMethodError'{0x00000000d5dba440}: 'java.lang.Object java.lang.invoke.DirectMethodHandle$Holder.invokeSpecial(java.lang.Object, java.lang.Object, java.lang.Object, int, java.lang.Object)'> (0x00000000d5dba440) 
thrown [s\src\hotspot\share\interpreter\linkResolver.cpp, line 773]
Event: 3.732 Thread 0x0000023fffb706f0 Exception <a 'java/lang/NoSuchMethodError'{0x00000000d5faec90}: 'void java.lang.invoke.DirectMethodHandle$Holder.invokeSpecial(java.lang.Object, java.lang.Object, java.lang.Object, java.lang.Object, java.lang.Object)'> (0x00000000d5faec90) 
thrown [s\src\hotspot\share\interpreter\linkResolver.cpp, line 773]
Event: 3.762 Thread 0x0000023fffb706f0 Exception <a 'java/lang/NoSuchMethodError'{0x00000000d619d5c8}: 'double java.lang.invoke.DirectMethodHandle$Holder.invokeStatic(java.lang.Object, java.lang.Object)'> (0x00000000d619d5c8) 
thrown [s\src\hotspot\share\interpreter\linkResolver.cpp, line 773]
Event: 3.763 Thread 0x0000023fffb706f0 Exception <a 'java/lang/NoSuchMethodError'{0x00000000d61a0c88}: 'double java.lang.invoke.DirectMethodHandle$Holder.invokeStaticInit(java.lang.Object, java.lang.Object)'> (0x00000000d61a0c88) 
thrown [s\src\hotspot\share\interpreter\linkResolver.cpp, line 773]
Event: 3.948 Thread 0x0000023fffb706f0 Exception <a 'java/io/FileNotFoundException'{0x00000000d588e120}> (0x00000000d588e120) 
thrown [s\src\hotspot\share\prims\jni.cpp, line 520]
Event: 3.948 Thread 0x0000023fffb706f0 Exception <a 'java/io/FileNotFoundException'{0x00000000d588ef50}> (0x00000000d588ef50) 
thrown [s\src\hotspot\share\prims\jni.cpp, line 520]
Event: 3.948 Thread 0x0000023fffb706f0 Exception <a 'java/io/FileNotFoundException'{0x00000000d588fe80}> (0x00000000d588fe80) 
thrown [s\src\hotspot\share\prims\jni.cpp, line 520]
Event: 4.149 Thread 0x0000023fffb706f0 Implicit null exception at 0x0000023f87be80f5 to 0x0000023f87be8208

ZGC Phase Switch (0 events):
No events

VM Operations (20 events):
Event: 2.415 Executing non-safepoint VM operation: HandshakeAllThreads (Deoptimize)
Event: 2.415 Executing non-safepoint VM operation: HandshakeAllThreads (Deoptimize) done
Event: 2.615 Executing safepoint VM operation: ParallelGCFailedAllocation (Allocation Failure)
Event: 2.621 Executing safepoint VM operation: ParallelGCFailedAllocation (Allocation Failure) done
Event: 2.828 Executing non-safepoint VM operation: HandshakeAllThreads (Deoptimize)
Event: 2.828 Executing non-safepoint VM operation: HandshakeAllThreads (Deoptimize) done
Event: 3.249 Executing non-safepoint VM operation: HandshakeAllThreads (Deoptimize)
Event: 3.249 Executing non-safepoint VM operation: HandshakeAllThreads (Deoptimize) done
Event: 3.501 Executing safepoint VM operation: ParallelGCFailedAllocation (Allocation Failure)
Event: 3.506 Executing safepoint VM operation: ParallelGCFailedAllocation (Allocation Failure) done
Event: 3.581 Executing non-safepoint VM operation: HandshakeAllThreads (Deoptimize)
Event: 3.581 Executing non-safepoint VM operation: HandshakeAllThreads (Deoptimize) done
Event: 3.586 Executing non-safepoint VM operation: HandshakeAllThreads (Deoptimize)
Event: 3.586 Executing non-safepoint VM operation: HandshakeAllThreads (Deoptimize) done
Event: 3.606 Executing non-safepoint VM operation: HandshakeAllThreads (Deoptimize)
Event: 3.607 Executing non-safepoint VM operation: HandshakeAllThreads (Deoptimize) done
Event: 3.925 Executing safepoint VM operation: ParallelGCFailedAllocation (Allocation Failure)
Event: 3.931 Executing safepoint VM operation: ParallelGCFailedAllocation (Allocation Failure) done
Event: 4.257 Executing safepoint VM operation: ParallelGCFailedAllocation (Allocation Failure)
Event: 4.265 Executing safepoint VM operation: ParallelGCFailedAllocation (Allocation Failure) done

Memory protections (0 events):
No events

Nmethod flushes (0 events):
No events

Events (20 events):
Event: 0.048 Thread 0x0000023ff69e3b20 Thread added: 0x0000023ffe3ce310
Event: 0.048 Thread 0x0000023ff69e3b20 Thread added: 0x0000023ffe3ced70
Event: 0.048 Thread 0x0000023ff69e3b20 Thread added: 0x0000023ffe3d3bd0
Event: 0.050 Thread 0x0000023ff69e3b20 Thread added: 0x0000023ffe40a890
Event: 0.117 Thread 0x0000023ff69e3b20 Thread added: 0x0000023fff192810
Event: 0.446 Thread 0x0000023ff69e3b20 Thread added: 0x0000023fff2db310
Event: 0.455 Thread 0x0000023ffe3d3bd0 Thread added: 0x0000023fff2e33c0
Event: 1.432 Thread 0x0000023fff2e33c0 Thread exited: 0x0000023fff2e33c0
Event: 1.851 Thread 0x0000023ffe3d3bd0 Thread added: 0x0000023fff31f2a0
Event: 2.063 Thread 0x0000023fff31f2a0 Thread exited: 0x0000023fff31f2a0
Event: 2.337 Thread 0x0000023ff69e3b20 Thread added: 0x0000023fffb1aae0
Event: 2.572 Thread 0x0000023ffe40a890 Thread added: 0x0000023fffb6b030
Event: 2.574 Thread 0x0000023ff69e3b20 Thread added: 0x0000023fffb6b6e0
Event: 2.582 Thread 0x0000023ff69e3b20 Thread added: 0x0000023fffb706f0
Event: 2.796 Thread 0x0000023fffb706f0 Thread added: 0x0000023fffaf5870
Event: 2.828 Thread 0x0000023fffb6b030 Thread exited: 0x0000023fffb6b030
Event: 2.990 Thread 0x0000023ffe40a890 Thread added: 0x0000023fffbddb40
Event: 3.292 Thread 0x0000023fffb706f0 Thread added: 0x0000023fffc29030
Event: 3.684 Thread 0x0000023fffb706f0 Thread added: 0x0000023fd40ea990
Event: 3.708 Thread 0x0000023fffb706f0 Thread added: 0x0000023fd41fb850


Dynamic libraries:
0x00007ff7c12b0000 - 0x00007ff7c12be000 	c:\Users\admin\.vscode\extensions\redhat.java-1.53.0-win32-x64\jre\21.0.10-win32-x86_64\bin\java.exe
0x00007ffa54be0000 - 0x00007ffa54e47000 	C:\WINDOWS\SYSTEM32\ntdll.dll
0x00007ffa53800000 - 0x00007ffa538c9000 	C:\WINDOWS\System32\KERNEL32.DLL
0x00007ffa51610000 - 0x00007ffa51a01000 	C:\WINDOWS\System32\KERNELBASE.dll
0x00007ffa4e460000 - 0x00007ffa4e4ff000 	C:\WINDOWS\SYSTEM32\apphelp.dll
0x00007ffa514c0000 - 0x00007ffa5160b000 	C:\WINDOWS\System32\ucrtbase.dll
0x00007ffa18b70000 - 0x00007ffa18b8e000 	c:\Users\admin\.vscode\extensions\redhat.java-1.53.0-win32-x64\jre\21.0.10-win32-x86_64\bin\VCRUNTIME140.dll
0x00007ffa18b90000 - 0x00007ffa18ba8000 	c:\Users\admin\.vscode\extensions\redhat.java-1.53.0-win32-x64\jre\21.0.10-win32-x86_64\bin\jli.dll
0x00007ffa52be0000 - 0x00007ffa52da5000 	C:\WINDOWS\System32\USER32.dll
0x00007ffa342e0000 - 0x00007ffa34573000 	C:\WINDOWS\WinSxS\amd64_microsoft.windows.common-controls_6595b64144ccf1df_6.0.26100.7922_none_3e089e1ee3342171\COMCTL32.dll
0x00007ffa533e0000 - 0x00007ffa53489000 	C:\WINDOWS\System32\msvcrt.dll
0x00007ffa52480000 - 0x00007ffa524a7000 	C:\WINDOWS\System32\win32u.dll
0x00007ffa537c0000 - 0x00007ffa537eb000 	C:\WINDOWS\System32\GDI32.dll
0x00007ffa524b0000 - 0x00007ffa525da000 	C:\WINDOWS\System32\gdi32full.dll
0x00007ffa528d0000 - 0x00007ffa52973000 	C:\WINDOWS\System32\msvcp_win.dll
0x00007ffa53a40000 - 0x00007ffa53a71000 	C:\WINDOWS\System32\IMM32.DLL
0x00007ffa32d10000 - 0x00007ffa32d1c000 	c:\Users\admin\.vscode\extensions\redhat.java-1.53.0-win32-x64\jre\21.0.10-win32-x86_64\bin\vcruntime140_1.dll
0x00007ffa0fc90000 - 0x00007ffa0fd1d000 	c:\Users\admin\.vscode\extensions\redhat.java-1.53.0-win32-x64\jre\21.0.10-win32-x86_64\bin\msvcp140.dll
0x00007ff984f30000 - 0x00007ff985cd1000 	c:\Users\admin\.vscode\extensions\redhat.java-1.53.0-win32-x64\jre\21.0.10-win32-x86_64\bin\server\jvm.dll
0x00007ffa53700000 - 0x00007ffa537bb000 	C:\WINDOWS\System32\ADVAPI32.dll
0x00007ffa53500000 - 0x00007ffa535a7000 	C:\WINDOWS\System32\sechost.dll
0x00007ffa53240000 - 0x00007ffa53358000 	C:\WINDOWS\System32\RPCRT4.dll
0x00007ffa52b60000 - 0x00007ffa52bd4000 	C:\WINDOWS\System32\WS2_32.dll
0x00007ffa51340000 - 0x00007ffa5139e000 	C:\WINDOWS\SYSTEM32\POWRPROF.dll
0x00007ffa493c0000 - 0x00007ffa493f5000 	C:\WINDOWS\SYSTEM32\WINMM.dll
0x00007ffa390c0000 - 0x00007ffa390cb000 	C:\WINDOWS\SYSTEM32\VERSION.dll
0x00007ffa51320000 - 0x00007ffa51334000 	C:\WINDOWS\SYSTEM32\UMPDC.dll
0x00007ffa50250000 - 0x00007ffa5026b000 	C:\WINDOWS\SYSTEM32\kernel.appcore.dll
0x00007ffa2bb90000 - 0x00007ffa2bb9a000 	c:\Users\admin\.vscode\extensions\redhat.java-1.53.0-win32-x64\jre\21.0.10-win32-x86_64\bin\jimage.dll
0x00007ffa4f300000 - 0x00007ffa4f542000 	C:\WINDOWS\SYSTEM32\DBGHELP.DLL
0x00007ffa544f0000 - 0x00007ffa54872000 	C:\WINDOWS\System32\combase.dll
0x00007ffa53a90000 - 0x00007ffa53b67000 	C:\WINDOWS\System32\OLEAUT32.dll
0x00007ffa38a60000 - 0x00007ffa38a9b000 	C:\WINDOWS\SYSTEM32\dbgcore.DLL
0x00007ffa526a0000 - 0x00007ffa52745000 	C:\WINDOWS\System32\bcryptPrimitives.dll
0x00007ffa2ba20000 - 0x00007ffa2ba2f000 	c:\Users\admin\.vscode\extensions\redhat.java-1.53.0-win32-x64\jre\21.0.10-win32-x86_64\bin\instrument.dll
0x00007ffa167e0000 - 0x00007ffa16800000 	c:\Users\admin\.vscode\extensions\redhat.java-1.53.0-win32-x64\jre\21.0.10-win32-x86_64\bin\java.dll
0x00007ffa53d10000 - 0x00007ffa5446f000 	C:\WINDOWS\System32\SHELL32.dll
0x00007ffa52310000 - 0x00007ffa5247a000 	C:\WINDOWS\System32\wintypes.dll
0x00007ffa51aa0000 - 0x00007ffa52304000 	C:\WINDOWS\System32\windows.storage.dll
0x00007ffa535b0000 - 0x00007ffa536a7000 	C:\WINDOWS\System32\SHCORE.dll
0x00007ffa54480000 - 0x00007ffa544e7000 	C:\WINDOWS\System32\shlwapi.dll
0x00007ffa513e0000 - 0x00007ffa51409000 	C:\WINDOWS\SYSTEM32\profapi.dll
0x00007ffa11f30000 - 0x00007ffa11f48000 	c:\Users\admin\.vscode\extensions\redhat.java-1.53.0-win32-x64\jre\21.0.10-win32-x86_64\bin\zip.dll
0x00007ffa29780000 - 0x00007ffa29790000 	C:\Users\admin\.vscode\extensions\redhat.java-1.53.0-win32-x64\jre\21.0.10-win32-x86_64\bin\net.dll
0x00007ffa42b60000 - 0x00007ffa42c87000 	C:\WINDOWS\SYSTEM32\WINHTTP.dll
0x00007ffa507c0000 - 0x00007ffa5082b000 	C:\WINDOWS\system32\mswsock.dll
0x00007ffa10790000 - 0x00007ffa107a6000 	C:\Users\admin\.vscode\extensions\redhat.java-1.53.0-win32-x64\jre\21.0.10-win32-x86_64\bin\nio.dll
0x00007ffa25a50000 - 0x00007ffa25a60000 	c:\Users\admin\.vscode\extensions\redhat.java-1.53.0-win32-x64\jre\21.0.10-win32-x86_64\bin\verify.dll
0x00007ff9e6760000 - 0x00007ff9e67a5000 	C:\Users\admin\AppData\Roaming\Code\User\globalStorage\redhat.java\1.53.0\config_ss_win\org.eclipse.equinox.launcher\org.eclipse.equinox.launcher.win32.win32.x86_64_1.3.0.v20260203-2149\eclipse_11919.dll
0x00007ffa53b70000 - 0x00007ffa53d05000 	C:\WINDOWS\System32\ole32.dll

JVMTI agents:
c:\Users\admin\.vscode\extensions\redhat.java-1.53.0-win32-x64\lombok\lombok-1.18.39-4050.jar path:c:\Users\admin\.vscode\extensions\redhat.java-1.53.0-win32-x64\jre\21.0.10-win32-x86_64\bin\instrument.dll, loaded, initialized, instrumentlib options:none

dbghelp: loaded successfully - version: 4.0.5 - missing functions: none
symbol engine: initialized successfully - sym options: 0x614 - pdb path: .;c:\Users\admin\.vscode\extensions\redhat.java-1.53.0-win32-x64\jre\21.0.10-win32-x86_64\bin;C:\WINDOWS\SYSTEM32;C:\WINDOWS\WinSxS\amd64_microsoft.windows.common-controls_6595b64144ccf1df_6.0.26100.7922_none_3e089e1ee3342171;c:\Users\admin\.vscode\extensions\redhat.java-1.53.0-win32-x64\jre\21.0.10-win32-x86_64\bin\server;C:\Users\admin\AppData\Roaming\Code\User\globalStorage\redhat.java\1.53.0\config_ss_win\org.eclipse.equinox.launcher\org.eclipse.equinox.launcher.win32.win32.x86_64_1.3.0.v20260203-2149

VM Arguments:
jvm_args: --add-modules=ALL-SYSTEM --add-opens=java.base/java.util=ALL-UNNAMED --add-opens=java.base/java.lang=ALL-UNNAMED --add-opens=java.base/sun.nio.fs=ALL-UNNAMED -Declipse.application=org.eclipse.jdt.ls.core.id1 -Dosgi.bundles.defaultStartLevel=4 -Declipse.product=org.eclipse.jdt.ls.core.product -Djava.import.generatesMetadataFilesAtProjectRoot=false -DDetectVMInstallationsJob.disabled=true -Dfile.encoding=utf8 -XX:+UseParallelGC -XX:GCTimeRatio=4 -XX:AdaptiveSizePolicyWeight=90 -Dsun.zip.disableMemoryMapping=true -Xmx2G -Xms100m -Xlog:disable -javaagent:c:\Users\admin\.vscode\extensions\redhat.java-1.53.0-win32-x64\lombok\lombok-1.18.39-4050.jar 
java_command: c:\Users\admin\.vscode\extensions\redhat.java-1.53.0-win32-x64\server\plugins\org.eclipse.equinox.launcher_1.7.100.v20251111-0406.jar -configuration c:\Users\admin\AppData\Roaming\Code\User\globalStorage\redhat.java\1.53.0\config_ss_win -data c:\Users\admin\AppData\Roaming\Code\User\workspaceStorage\350ba893bc48c3099077761a5c33f6d6\redhat.java\ss_ws --pipe=\\.\pipe\lsp-32d55f57677ca623da64c89690040ee1-sock
java_class_path (initial): c:\Users\admin\.vscode\extensions\redhat.java-1.53.0-win32-x64\server\plugins\org.eclipse.equinox.launcher_1.7.100.v20251111-0406.jar
Launcher Type: SUN_STANDARD

[Global flags]
    uintx AdaptiveSizePolicyWeight                 = 90                                        {product} {command line}
     intx CICompilerCount                          = 3                                         {product} {ergonomic}
    uintx GCTimeRatio                              = 4                                         {product} {command line}
   size_t InitialHeapSize                          = 104857600                                 {product} {command line}
   size_t MaxHeapSize                              = 2147483648                                {product} {command line}
   size_t MaxNewSize                               = 715653120                                 {product} {ergonomic}
   size_t MinHeapDeltaBytes                        = 524288                                    {product} {ergonomic}
   size_t MinHeapSize                              = 104857600                                 {product} {command line}
   size_t NewSize                                  = 34603008                                  {product} {ergonomic}
    uintx NonNMethodCodeHeapSize                   = 5832780                                {pd product} {ergonomic}
    uintx NonProfiledCodeHeapSize                  = 122912730                              {pd product} {ergonomic}
   size_t OldSize                                  = 70254592                                  {product} {ergonomic}
    uintx ProfiledCodeHeapSize                     = 122912730                              {pd product} {ergonomic}
    uintx ReservedCodeCacheSize                    = 251658240                              {pd product} {ergonomic}
     bool SegmentedCodeCache                       = true                                      {product} {ergonomic}
   size_t SoftMaxHeapSize                          = 2147483648                             {manageable} {ergonomic}
     bool UseCompressedOops                        = true                           {product lp64_product} {ergonomic}
     bool UseLargePagesIndividualAllocation        = false                                  {pd product} {ergonomic}
     bool UseParallelGC                            = true                                      {product} {command line}

Logging:
Log output configuration:
 #0: stdout all=off uptime,level,tags foldmultilines=false
 #1: stderr all=off uptime,level,tags foldmultilines=false

Release file:
JAVA_VERSION="21.0.10" 
MODULES="java.base java.compiler java.datatransfer java.xml java.prefs java.desktop java.instrument java.logging java.management java.security.sasl java.naming java.rmi java.management.rmi java.net.http java.scripting java.security.jgss java.transaction.xa java.sql java.sql.rowset java.xml.crypto java.se java.smartcardio jdk.accessibility jdk.internal.jvmstat jdk.attach jdk.charsets jdk.internal.opt jdk.zipfs jdk.compiler jdk.crypto.ec jdk.crypto.cryptoki jdk.crypto.mscapi jdk.dynalink jdk.internal.ed jdk.editpad jdk.hotspot.agent jdk.httpserver jdk.internal.le jdk.internal.vm.ci jdk.internal.vm.compiler jdk.internal.vm.compiler.management jdk.jartool jdk.javadoc jdk.jcmd jdk.management jdk.management.agent jdk.jconsole jdk.jdeps jdk.jdwp.agent jdk.jdi jdk.jfr jdk.jshell jdk.jsobject jdk.jstatd jdk.localedata jdk.management.jfr jdk.naming.dns jdk.naming.rmi jdk.net jdk.nio.mapmode jdk.random jdk.sctp jdk.security.auth jdk.security.jgss jdk.unsupported jdk.unsupported.desktop jdk.xml.dom" 

Environment Variables:
JAVA_HOME=C:\Program Files\Java\jdk-25
PATH=C:\Users\admin\AppData\Local\Programs\Microsoft VS Code;C:\Program Files\Common Files\Oracle\Java\javapath;C:\Program Files (x86)\Common Files\Oracle\Java\java8path;C:\Program Files (x86)\Common Files\Oracle\Java\javapath;C:\oraclexe\app\oracle\product\11.2.0\server\bin;C:\WINDOWS\system32;C:\WINDOWS;C:\WINDOWS\System32\Wbem;C:\WINDOWS\System32\WindowsPowerShell\v1.0\;C:\WINDOWS\System32\OpenSSH\;C:\Program Files\Microsoft SQL Server\140\Tools\Binn\;C:\Program Files\Java\jdk1.8.0_202\bin;C:\Program Files\Java\jre1.8.0_202\bin;C:\Program Files\Java\jdk-24\bin;C:\Program Files\Git\cmd;C:\Program Files\nodejs\;C:\Program Files\Java\jdk-24\bin;C:\Program Files\MySQL\MySQL Server 9.3\bin;C:\Users\admin\Downloads\apache-maven-3.9.11-bin\apache-maven-3.9.11\bin;C:\Program Files\Java\jdk-25\bin;C:\Program Files\Java\jdk-25\bin;E:\Downloads\ffmpeg-8.0\ffmpeg-8.0\bin;C:\MinGW\bin;C:\Program Files\dotnet\;C:\Users\admin\AppData\Local\Programs\Python\Python313\Scripts\;C:\Users\admin\AppData\Local\Programs\Python\Python313\;C:\Users\admin\AppData\Local\Microsoft\WindowsApps;C:\Users\admin\AppData\Local\Programs\Microsoft VS Code\bin;C:\Users\admin\AppData\Roaming\npm;C:\Program Files\JetBrains\IntelliJ IDEA 2025.2\bin;C:\Users\admin\Downloads\apache-maven-3.9.11-bin\apache-maven-3.9.11\bin;C:\Program Files\Java\jdk-24\bin;C:\Program Files\Java\jdk-25\bin;C:\Users\admin\AppData\Local\Programs\cursor\resources\app\bin
USERNAME=admin
OS=Windows_NT
PROCESSOR_IDENTIFIER=Intel64 Family 6 Model 140 Stepping 1, GenuineIntel
TMP=C:\Users\admin\AppData\Local\Temp
TEMP=C:\Users\admin\AppData\Local\Temp




Periodic native trim disabled

---------------  S Y S T E M  ---------------

OS:
 Windows 11 , 64 bit Build 26100 (10.0.26100.7920)
OS uptime: 0 days 19:21 hours
Hyper-V role detected

CPU: total 4 (initial active 4) (2 cores per cpu, 2 threads per core) family 6 model 140 stepping 1 microcode 0xbc, cx8, cmov, fxsr, ht, mmx, 3dnowpref, sse, sse2, sse3, ssse3, sse4.1, sse4.2, popcnt, lzcnt, tsc, tscinvbit, avx, avx2, aes, erms, clmul, bmi1, bmi2, adx, avx512f, avx512dq, avx512cd, avx512bw, avx512vl, sha, fma, vzeroupper, avx512_vpopcntdq, avx512_vpclmulqdq, avx512_vaes, avx512_vnni, clflush, clflushopt, clwb, avx512_vbmi2, avx512_vbmi, hv, rdtscp, rdpid, fsrm, gfni, avx512_bitalg, f16c, cet_ibt, cet_ss, avx512_ifma
Processor Information for the first 4 processors :
  Max Mhz: 1997, Current Mhz: 1997, Mhz Limit: 1997

Memory: 4k page, system-wide physical 12010M (1537M free)
TotalPageFile size 22550M (AvailPageFile size 1M)
current process WorkingSet (physical memory assigned to process): 138M, peak: 138M
current process commit charge ("private bytes"): 262M, peak: 264M

vm_info: OpenJDK 64-Bit Server VM (21.0.10+7-LTS) for windows-amd64 JRE (21.0.10+7-LTS), built on 2026-01-20T00:00:00Z by "admin" with MS VC++ 17.12 (VS2022)

END.
